#! /usr/bin/vvp
:ivl_version "0.9.7 " "(v0_9_7)";
:vpi_time_precision - 12;
:vpi_module "system";
:vpi_module "v2005_math";
:vpi_module "va_math";
S_0x10e5360 .scope module, "hvsync_tb" "hvsync_tb" 2 9;
 .timescale -9 -12;
v0x111bb70_0 .var "Clk_cnt", 11 0;
v0x111bc30_0 .net "CounterX_tb", 9 0, v0x10d0780_0; 1 drivers
v0x111bcb0_0 .net "CounterY_tb", 8 0, L_0x111c250; 1 drivers
v0x111bd30_0 .var "clk_tb", 0 0;
v0x111be10_0 .net "inDisplayArea_tb", 0 0, v0x111b710_0; 1 drivers
v0x111bec0_0 .var "reset_tb", 0 0;
v0x111bf40_0 .net "vga_h_sync_tb", 0 0, L_0x111c0f0; 1 drivers
v0x111bff0_0 .net "vga_v_sync_tb", 0 0, L_0x111c1a0; 1 drivers
L_0x111c250 .part v0x111b5d0_0, 0, 9;
S_0x10d0690 .scope module, "UUT" "hvsync_generator" 2 25, 3 13, S_0x10e5360;
 .timescale 0 0;
L_0x111c0f0 .functor NOT 1, v0x111b860_0, C4<0>, C4<0>, C4<0>;
L_0x111c1a0 .functor NOT 1, v0x111b940_0, C4<0>, C4<0>, C4<0>;
v0x10d0780_0 .var "CounterX", 9 0;
v0x111b5d0_0 .var "CounterY", 9 0;
v0x111b670_0 .net "clk", 0 0, v0x111bd30_0; 1 drivers
v0x111b710_0 .var "inDisplayArea", 0 0;
v0x111b7c0_0 .net "reset", 0 0, v0x111bec0_0; 1 drivers
v0x111b860_0 .var "vga_HS", 0 0;
v0x111b940_0 .var "vga_VS", 0 0;
v0x111b9e0_0 .alias "vga_h_sync", 0 0, v0x111bf40_0;
v0x111bad0_0 .alias "vga_v_sync", 0 0, v0x111bff0_0;
S_0x10e29d0 .scope begin, "CLK_GENERATOR" "CLK_GENERATOR" 2 37, 2 37, S_0x10e5360;
 .timescale -9 -12;
S_0x10e2c70 .scope begin, "CLK_COUNTER" "CLK_COUNTER" 2 43, 2 43, S_0x10e5360;
 .timescale -9 -12;
E_0x10e3860 .event posedge, v0x111b670_0;
    .scope S_0x10d0690;
T_0 ;
    %wait E_0x10e3860;
    %load/v 8, v0x111b7c0_0, 1;
    %jmp/0xz  T_0.0, 8;
    %ix/load 0, 10, 0;
    %assign/v0 v0x10d0780_0, 0, 0;
    %jmp T_0.1;
T_0.0 ;
    %load/v 8, v0x10d0780_0, 10;
    %cmpi/u 8, 800, 10;
    %jmp/0xz  T_0.2, 4;
    %ix/load 0, 10, 0;
    %assign/v0 v0x10d0780_0, 0, 0;
    %jmp T_0.3;
T_0.2 ;
    %load/v 8, v0x10d0780_0, 10;
    %mov 18, 0, 22;
    %addi 8, 1, 32;
    %ix/load 0, 10, 0;
    %assign/v0 v0x10d0780_0, 0, 8;
T_0.3 ;
T_0.1 ;
    %jmp T_0;
    .thread T_0;
    .scope S_0x10d0690;
T_1 ;
    %wait E_0x10e3860;
    %load/v 8, v0x111b7c0_0, 1;
    %jmp/0xz  T_1.0, 8;
    %ix/load 0, 10, 0;
    %assign/v0 v0x111b5d0_0, 0, 0;
    %jmp T_1.1;
T_1.0 ;
    %load/v 8, v0x111b5d0_0, 10;
    %cmpi/u 8, 521, 10;
    %jmp/0xz  T_1.2, 4;
    %ix/load 0, 10, 0;
    %assign/v0 v0x111b5d0_0, 0, 0;
    %jmp T_1.3;
T_1.2 ;
    %load/v 8, v0x10d0780_0, 10;
    %cmpi/u 8, 800, 10;
    %jmp/0xz  T_1.4, 4;
    %load/v 8, v0x111b5d0_0, 10;
    %mov 18, 0, 22;
    %addi 8, 1, 32;
    %ix/load 0, 10, 0;
    %assign/v0 v0x111b5d0_0, 0, 8;
T_1.4 ;
T_1.3 ;
T_1.1 ;
    %jmp T_1;
    .thread T_1;
    .scope S_0x10d0690;
T_2 ;
    %wait E_0x10e3860;
    %movi 8, 655, 12;
    %load/v 20, v0x10d0780_0, 10;
    %mov 30, 0, 2;
    %cmp/u 8, 20, 12;
    %mov 8, 5, 1;
    %load/v 9, v0x10d0780_0, 10;
    %mov 19, 0, 2;
   %cmpi/u 9, 752, 12;
    %mov 9, 5, 1;
    %and 8, 9, 1;
    %ix/load 0, 1, 0;
    %assign/v0 v0x111b860_0, 0, 8;
    %load/v 8, v0x111b5d0_0, 10;
    %mov 18, 0, 1;
    %cmpi/u 8, 490, 11;
    %mov 8, 4, 1;
    %load/v 9, v0x111b5d0_0, 10;
    %mov 19, 0, 1;
    %cmpi/u 9, 491, 11;
    %or 8, 4, 1;
    %ix/load 0, 1, 0;
    %assign/v0 v0x111b940_0, 0, 8;
    %jmp T_2;
    .thread T_2;
    .scope S_0x10d0690;
T_3 ;
    %wait E_0x10e3860;
    %load/v 8, v0x111b7c0_0, 1;
    %jmp/0xz  T_3.0, 8;
    %ix/load 0, 1, 0;
    %assign/v0 v0x111b710_0, 0, 0;
    %jmp T_3.1;
T_3.0 ;
    %load/v 8, v0x10d0780_0, 10;
    %mov 18, 0, 2;
   %cmpi/u 8, 640, 12;
    %mov 8, 5, 1;
    %load/v 9, v0x111b5d0_0, 10;
    %mov 19, 0, 1;
   %cmpi/u 9, 480, 11;
    %mov 9, 5, 1;
    %and 8, 9, 1;
    %ix/load 0, 1, 0;
    %assign/v0 v0x111b710_0, 0, 8;
T_3.1 ;
    %jmp T_3;
    .thread T_3;
    .scope S_0x10e5360;
T_4 ;
    %fork t_1, S_0x10e29d0;
    %jmp t_0;
    .scope S_0x10e29d0;
t_1 ;
    %delay 20000, 0;
    %load/v 8, v0x111bd30_0, 1;
    %inv 8, 1;
    %set/v v0x111bd30_0, 8, 1;
    %end;
    .scope S_0x10e5360;
t_0 %join;
    %jmp T_4;
    .thread T_4;
    .scope S_0x10e5360;
T_5 ;
    %fork t_3, S_0x10e2c70;
    %jmp t_2;
    .scope S_0x10e2c70;
t_3 ;
    %set/v v0x111bb70_0, 0, 12;
T_5.0 ;
    %wait E_0x10e3860;
    %load/v 8, v0x111bb70_0, 12;
    %mov 20, 0, 20;
    %addi 8, 1, 32;
    %set/v v0x111bb70_0, 8, 12;
    %jmp T_5.0;
    %end;
    .scope S_0x10e5360;
t_2 %join;
    %end;
    .thread T_5;
    .scope S_0x10e5360;
T_6 ;
    %set/v v0x111bd30_0, 0, 1;
    %set/v v0x111bec0_0, 1, 1;
    %delay 45000, 0;
    %set/v v0x111bec0_0, 0, 1;
    %end;
    .thread T_6;
# The file index is used to find the file name in the following table.
:file_names 4;
    "N/A";
    "<interactive>";
    "hvsync_generator_tb.v";
    "hvsync_generator.v";
