#! /usr/bin/vvp
:ivl_version "0.9.7 " "(v0_9_7)";
:vpi_time_precision + 0;
:vpi_module "system";
:vpi_module "v2005_math";
:vpi_module "va_math";
S_0x121df30 .scope module, "position" "position" 2 7;
 .timescale 0 0;
P_0x120b698 .param/l "ball_radius" 2 40, +C4<0101>;
P_0x120b6c0 .param/l "player_1_x" 2 45, +C4<0101000>;
P_0x120b6e8 .param/l "player_2_x" 2 46, +C4<01001011000>;
P_0x120b710 .param/l "player_height" 2 41, +C4<0101000>;
P_0x120b738 .param/l "player_width" 2 42, +C4<0101>;
P_0x120b760 .param/l "screen_height" 2 44, +C4<0111100000>;
P_0x120b788 .param/l "screen_width" 2 43, +C4<01010000000>;
v0x120c390_0 .var "DIV_CLK", 27 0;
v0x1259b60_0 .var "ball_delta_x", 2 0;
v0x1259c00_0 .var "ball_delta_y", 2 0;
v0x1259ca0_0 .var "ball_x", 9 0;
v0x1259d40_0 .var "ball_y", 9 0;
v0x1259de0_0 .net "btnD", 0 0, C4<z>; 0 drivers
v0x1259ec0_0 .net "btnU", 0 0, C4<z>; 0 drivers
v0x1259f60_0 .net "button_clk", 0 0, L_0x125a600; 1 drivers
v0x125a050_0 .net "clk", 0 0, L_0x125a6d0; 1 drivers
v0x125a0f0_0 .net "new_game", 0 0, C4<z>; 0 drivers
v0x125a1f0_0 .var "player_1_point", 0 0;
v0x125a290_0 .var "player_1_y", 9 0;
v0x125a3a0_0 .var "player_2_point", 0 0;
v0x125a440_0 .var "player_2_y", 9 0;
v0x125a560_0 .net "reset", 0 0, C4<z>; 0 drivers
E_0x121eb50 .event posedge, v0x1259f60_0;
E_0x121dd00 .event posedge, v0x125a560_0, v0x125a050_0;
L_0x125a600 .part v0x120c390_0, 18, 1;
L_0x125a6d0 .part v0x120c390_0, 1, 1;
S_0x120b800 .scope begin, "CLOCK_DIVIDER" "CLOCK_DIVIDER" 2 50, 2 50, S_0x121df30;
 .timescale 0 0;
    .scope S_0x121df30;
T_0 ;
    %movi 8, 2, 3;
    %set/v v0x1259b60_0, 8, 3;
    %end;
    .thread T_0;
    .scope S_0x121df30;
T_1 ;
    %movi 8, 2, 3;
    %set/v v0x1259c00_0, 8, 3;
    %end;
    .thread T_1;
    .scope S_0x121df30;
T_2 ;
    %wait E_0x121dd00;
    %fork t_1, S_0x120b800;
    %jmp t_0;
    .scope S_0x120b800;
t_1 ;
    %load/v 8, v0x125a560_0, 1;
    %jmp/0xz  T_2.0, 8;
    %ix/load 0, 28, 0;
    %assign/v0 v0x120c390_0, 0, 0;
    %jmp T_2.1;
T_2.0 ;
    %ix/load 0, 1, 0;
    %load/vp0 8, v0x120c390_0, 28;
    %ix/load 0, 28, 0;
    %assign/v0 v0x120c390_0, 0, 8;
T_2.1 ;
    %end;
    .scope S_0x121df30;
t_0 %join;
    %jmp T_2;
    .thread T_2;
    .scope S_0x121df30;
T_3 ;
    %wait E_0x121eb50;
    %load/v 8, v0x125a560_0, 1;
    %jmp/0xz  T_3.0, 8;
    %movi 8, 240, 10;
    %ix/load 0, 10, 0;
    %assign/v0 v0x125a290_0, 0, 8;
    %jmp T_3.1;
T_3.0 ;
    %load/v 8, v0x1259de0_0, 1;
    %load/v 9, v0x1259ec0_0, 1;
    %inv 9, 1;
    %and 8, 9, 1;
    %jmp/0xz  T_3.2, 8;
    %load/v 8, v0x125a290_0, 10;
    %mov 18, 0, 22;
    %addi 8, 2, 32;
    %ix/load 0, 10, 0;
    %assign/v0 v0x125a290_0, 0, 8;
    %jmp T_3.3;
T_3.2 ;
    %load/v 8, v0x1259ec0_0, 1;
    %load/v 9, v0x1259de0_0, 1;
    %inv 9, 1;
    %and 8, 9, 1;
    %jmp/0xz  T_3.4, 8;
    %load/v 8, v0x125a290_0, 10;
    %mov 18, 0, 22;
    %subi 8, 2, 32;
    %ix/load 0, 10, 0;
    %assign/v0 v0x125a290_0, 0, 8;
T_3.4 ;
T_3.3 ;
T_3.1 ;
    %jmp T_3;
    .thread T_3;
    .scope S_0x121df30;
T_4 ;
    %wait E_0x121eb50;
    %load/v 8, v0x125a560_0, 1;
    %jmp/0xz  T_4.0, 8;
    %movi 8, 240, 10;
    %ix/load 0, 10, 0;
    %assign/v0 v0x125a440_0, 0, 8;
    %jmp T_4.1;
T_4.0 ;
    %load/v 8, v0x1259d40_0, 10;
    %ix/load 0, 10, 0;
    %assign/v0 v0x125a440_0, 0, 8;
T_4.1 ;
    %jmp T_4;
    .thread T_4;
    .scope S_0x121df30;
T_5 ;
    %wait E_0x121eb50;
    %load/v 8, v0x125a560_0, 1;
    %load/v 9, v0x125a0f0_0, 1;
    %or 8, 9, 1;
    %jmp/0xz  T_5.0, 8;
    %movi 8, 320, 10;
    %ix/load 0, 10, 0;
    %assign/v0 v0x1259ca0_0, 0, 8;
    %movi 8, 240, 10;
    %ix/load 0, 10, 0;
    %assign/v0 v0x1259d40_0, 0, 8;
    %ix/load 0, 1, 0;
    %assign/v0 v0x125a1f0_0, 0, 0;
    %ix/load 0, 1, 0;
    %assign/v0 v0x125a3a0_0, 0, 0;
    %jmp T_5.1;
T_5.0 ;
    %load/v 8, v0x1259ca0_0, 10;
    %mov 18, 0, 22;
    %subi 8, 5, 32;
   %cmpi/u 8, 0, 32;
    %jmp/0xz  T_5.2, 5;
    %ix/load 0, 1, 0;
    %assign/v0 v0x125a3a0_0, 0, 1;
    %jmp T_5.3;
T_5.2 ;
    %movi 8, 640, 32;
    %load/v 40, v0x1259ca0_0, 10;
    %mov 50, 0, 22;
    %addi 40, 5, 32;
    %cmp/u 8, 40, 32;
    %jmp/0xz  T_5.4, 5;
    %ix/load 0, 1, 0;
    %assign/v0 v0x125a1f0_0, 0, 1;
    %jmp T_5.5;
T_5.4 ;
    %load/v 8, v0x1259ca0_0, 10;
    %mov 18, 0, 22;
    %subi 8, 5, 32;
   %cmpi/u 8, 42, 32;
    %mov 8, 5, 1;
    %load/v 9, v0x1259d40_0, 10;
    %mov 19, 0, 22;
    %subi 9, 5, 32;
    %load/v 41, v0x125a290_0, 10;
    %mov 51, 0, 22;
    %addi 41, 20, 32;
    %cmp/u 9, 41, 32;
    %mov 9, 5, 1;
    %load/v 10, v0x125a290_0, 10;
    %mov 20, 0, 22;
    %subi 10, 20, 32;
    %load/v 42, v0x1259d40_0, 10;
    %mov 52, 0, 22;
    %addi 42, 5, 32;
    %cmp/u 10, 42, 32;
    %or 9, 5, 1;
    %and 8, 9, 1;
    %movi 9, 598, 32;
    %load/v 41, v0x1259d40_0, 10;
    %mov 51, 0, 22;
    %addi 41, 5, 32;
    %cmp/u 9, 41, 32;
    %mov 9, 5, 1;
    %load/v 10, v0x1259d40_0, 10;
    %mov 20, 0, 22;
    %subi 10, 5, 32;
    %load/v 42, v0x125a440_0, 10;
    %mov 52, 0, 22;
    %addi 42, 20, 32;
    %cmp/u 10, 42, 32;
    %mov 10, 5, 1;
    %load/v 11, v0x125a440_0, 10;
    %mov 21, 0, 22;
    %subi 11, 20, 32;
    %load/v 43, v0x1259d40_0, 10;
    %mov 53, 0, 22;
    %addi 43, 5, 32;
    %cmp/u 11, 43, 32;
    %or 10, 5, 1;
    %and 9, 10, 1;
    %or 8, 9, 1;
    %jmp/0xz  T_5.6, 8;
    %load/v 8, v0x1259b60_0, 3;
    %inv 8, 3;
    %ix/load 0, 3, 0;
    %assign/v0 v0x1259b60_0, 0, 8;
    %jmp T_5.7;
T_5.6 ;
    %load/v 8, v0x1259d40_0, 10;
    %mov 18, 0, 22;
    %subi 8, 5, 32;
   %cmpi/u 8, 0, 32;
    %mov 8, 5, 1;
    %movi 9, 480, 32;
    %load/v 41, v0x1259d40_0, 10;
    %mov 51, 0, 22;
    %addi 41, 5, 32;
    %cmp/u 9, 41, 32;
    %or 8, 5, 1;
    %jmp/0xz  T_5.8, 8;
    %load/v 8, v0x1259c00_0, 3;
    %inv 8, 3;
    %ix/load 0, 3, 0;
    %assign/v0 v0x1259c00_0, 0, 8;
    %jmp T_5.9;
T_5.8 ;
    %load/v 8, v0x1259ca0_0, 10;
    %load/v 18, v0x1259b60_0, 3;
    %mov 21, 0, 7;
    %add 8, 18, 10;
    %ix/load 0, 10, 0;
    %assign/v0 v0x1259ca0_0, 0, 8;
    %load/v 8, v0x1259d40_0, 10;
    %load/v 18, v0x1259c00_0, 3;
    %mov 21, 0, 7;
    %add 8, 18, 10;
    %ix/load 0, 10, 0;
    %assign/v0 v0x1259d40_0, 0, 8;
T_5.9 ;
T_5.7 ;
T_5.5 ;
T_5.3 ;
T_5.1 ;
    %jmp T_5;
    .thread T_5;
# The file index is used to find the file name in the following table.
:file_names 3;
    "N/A";
    "<interactive>";
    "position.v";
